  [1m[35m (0.8ms)[0m  [1m[35mCREATE DATABASE "CHATONS_project_development" ENCODING = 'unicode'[0m
  ↳ bin/rails:9
  [1m[35m (0.3ms)[0m  [1m[35mCREATE DATABASE "CHATONS_project_test" ENCODING = 'unicode'[0m
  ↳ bin/rails:9
  [1m[35m (0.1ms)[0m  [1m[34mSELECT pg_try_advisory_lock(4175705703120890715)[0m
  ↳ bin/rails:9
  [1m[35m (0.4ms)[0m  [1m[34mSELECT "schema_migrations"."version" FROM "schema_migrations" ORDER BY "schema_migrations"."version" ASC[0m
  ↳ bin/rails:9
  [1m[36mActiveRecord::InternalMetadata Load (5.8ms)[0m  [1m[34mSELECT  "ar_internal_metadata".* FROM "ar_internal_metadata" WHERE "ar_internal_metadata"."key" = $1 LIMIT $2[0m  [["key", "environment"], ["LIMIT", 1]]
  ↳ bin/rails:9
  [1m[35m (0.1ms)[0m  [1m[35mBEGIN[0m
  ↳ bin/rails:9
  [1m[35m (0.0ms)[0m  [1m[35mCOMMIT[0m
  ↳ bin/rails:9
  [1m[35m (0.1ms)[0m  [1m[34mSELECT pg_advisory_unlock(4175705703120890715)[0m
  ↳ bin/rails:9
  [1m[35m (0.1ms)[0m  [1m[34mSELECT "schema_migrations"."version" FROM "schema_migrations" ORDER BY "schema_migrations"."version" ASC[0m
  ↳ bin/rails:9
  [1m[35m (0.7ms)[0m  [1m[34mSELECT "schema_migrations"."version" FROM "schema_migrations" ORDER BY "schema_migrations"."version" ASC[0m
  ↳ bin/rails:9
Started GET "/chat" for ::1 at 2022-03-15 14:00:03 +0100
  [1m[35m (0.5ms)[0m  [1m[34mSELECT "schema_migrations"."version" FROM "schema_migrations" ORDER BY "schema_migrations"."version" ASC[0m
  ↳ /Users/paolucciloic/.rvm/gems/ruby-2.7.4/gems/activerecord-5.2.7/lib/active_record/log_subscriber.rb:98
Processing by ItemsController#index as HTML
  Rendering items/index.html.erb within layouts/application
  [1m[36mItem Load (5.0ms)[0m  [1m[34mSELECT "items".* FROM "items"[0m
  ↳ app/views/items/index.html.erb:1
  Rendered items/index.html.erb within layouts/application (9.2ms)
  Rendered application/_nav.html.erb (1.1ms)
Completed 200 OK in 149ms (Views: 138.1ms | ActiveRecord: 7.2ms)


Started GET "/chat" for ::1 at 2022-03-15 14:00:23 +0100
Processing by ItemsController#index as HTML
  Rendering items/index.html.erb within layouts/application
  [1m[36mItem Load (0.7ms)[0m  [1m[34mSELECT "items".* FROM "items"[0m
  ↳ app/views/items/index.html.erb:1
  Rendered items/index.html.erb within layouts/application (2.3ms)
  Rendered application/_nav.html.erb (0.8ms)
Completed 200 OK in 36ms (Views: 33.3ms | ActiveRecord: 0.7ms)


Started GET "/chat" for ::1 at 2022-03-15 14:00:39 +0100
Processing by ItemsController#index as HTML
  Rendering items/index.html.erb within layouts/application
  [1m[36mItem Load (0.3ms)[0m  [1m[34mSELECT "items".* FROM "items"[0m
  ↳ app/views/items/index.html.erb:1
  Rendered items/index.html.erb within layouts/application (1.5ms)
  Rendered application/_nav.html.erb (1.0ms)
Completed 200 OK in 37ms (Views: 35.0ms | ActiveRecord: 0.3ms)


Started GET "/chat" for ::1 at 2022-03-15 14:01:15 +0100
Processing by ItemsController#index as HTML
  Rendering items/index.html.erb within layouts/application
  [1m[36mItem Load (0.8ms)[0m  [1m[34mSELECT "items".* FROM "items"[0m
  ↳ app/views/items/index.html.erb:1
  Rendered items/index.html.erb within layouts/application (2.3ms)
  Rendered application/_nav.html.erb (0.9ms)
Completed 200 OK in 39ms (Views: 37.1ms | ActiveRecord: 0.8ms)


Started GET "/users/sign_up" for ::1 at 2022-03-15 14:01:19 +0100
Processing by Devise::RegistrationsController#new as HTML
  Rendering devise/registrations/new.html.erb within layouts/application
  Rendered devise/shared/_links.html.erb (0.4ms)
  Rendered devise/registrations/new.html.erb within layouts/application (730.9ms)
  Rendered application/_nav.html.erb (0.4ms)
Completed 200 OK in 758ms (Views: 743.0ms | ActiveRecord: 5.4ms)


Started GET "/users/sign_in" for ::1 at 2022-03-15 14:01:28 +0100
Processing by Devise::SessionsController#new as HTML
  Rendering devise/sessions/new.html.erb within layouts/application
  Rendered devise/shared/_links.html.erb (1.2ms)
  Rendered devise/sessions/new.html.erb within layouts/application (14.9ms)
  Rendered application/_nav.html.erb (0.7ms)
Completed 200 OK in 43ms (Views: 39.3ms | ActiveRecord: 0.0ms)


Started GET "/users/sign_up" for ::1 at 2022-03-15 14:01:36 +0100
Processing by Devise::RegistrationsController#new as HTML
  Rendering devise/registrations/new.html.erb within layouts/application
  Rendered devise/shared/_links.html.erb (1.6ms)
  Rendered devise/registrations/new.html.erb within layouts/application (10.0ms)
  Rendered application/_nav.html.erb (0.8ms)
Completed 200 OK in 38ms (Views: 37.1ms | ActiveRecord: 0.0ms)


Started GET "/users/sign_up" for ::1 at 2022-03-15 14:01:39 +0100
Processing by Devise::RegistrationsController#new as HTML
  Rendering devise/registrations/new.html.erb within layouts/application
  Rendered devise/shared/_links.html.erb (1.8ms)
  Rendered devise/registrations/new.html.erb within layouts/application (10.0ms)
  Rendered application/_nav.html.erb (0.8ms)
Completed 200 OK in 41ms (Views: 40.0ms | ActiveRecord: 0.0ms)


Started GET "/users/sign_up" for ::1 at 2022-03-15 14:01:44 +0100
Processing by Devise::RegistrationsController#new as HTML
  Rendering devise/registrations/new.html.erb within layouts/application
  Rendered devise/shared/_links.html.erb (0.9ms)
  Rendered devise/registrations/new.html.erb within layouts/application (14.1ms)
  Rendered application/_nav.html.erb (0.7ms)
Completed 200 OK in 45ms (Views: 44.1ms | ActiveRecord: 0.0ms)


Started GET "/users/sign_up" for ::1 at 2022-03-15 14:01:48 +0100
Processing by Devise::RegistrationsController#new as HTML
  Rendering devise/registrations/new.html.erb within layouts/application
  Rendered devise/shared/_links.html.erb (1.3ms)
  Rendered devise/registrations/new.html.erb within layouts/application (8.4ms)
  Rendered application/_nav.html.erb (0.8ms)
Completed 200 OK in 44ms (Views: 42.9ms | ActiveRecord: 0.0ms)


Started GET "/users/sign_in" for ::1 at 2022-03-15 14:01:51 +0100
Processing by Devise::SessionsController#new as HTML
  Rendering devise/sessions/new.html.erb within layouts/application
  Rendered devise/shared/_links.html.erb (1.4ms)
  Rendered devise/sessions/new.html.erb within layouts/application (9.6ms)
  Rendered application/_nav.html.erb (0.6ms)
Completed 200 OK in 39ms (Views: 38.0ms | ActiveRecord: 0.0ms)


Started GET "/" for ::1 at 2022-03-15 14:01:56 +0100
Processing by LandingsController#index as HTML
  Rendering landings/index.html.erb within layouts/application
  Rendered landings/index.html.erb within layouts/application (0.4ms)
  Rendered application/_nav.html.erb (0.8ms)
Completed 200 OK in 32ms (Views: 29.8ms | ActiveRecord: 0.0ms)


Started GET "/" for ::1 at 2022-03-15 14:01:59 +0100
Processing by LandingsController#index as HTML
  Rendering landings/index.html.erb within layouts/application
  Rendered landings/index.html.erb within layouts/application (0.4ms)
  Rendered application/_nav.html.erb (0.9ms)
Completed 200 OK in 36ms (Views: 34.4ms | ActiveRecord: 0.0ms)


Started GET "/" for ::1 at 2022-03-15 14:08:21 +0100
Processing by LandingsController#index as HTML
  Rendering landings/index.html.erb within layouts/application
  Rendered landings/index.html.erb within layouts/application (0.3ms)
  Rendered application/_nav.html.erb (0.8ms)
Completed 200 OK in 24ms (Views: 22.3ms | ActiveRecord: 0.0ms)


Started GET "/" for ::1 at 2022-03-15 14:08:57 +0100
Processing by LandingsController#index as HTML
  Rendering landings/index.html.erb within layouts/application
  Rendered landings/index.html.erb within layouts/application (0.5ms)
  Rendered application/_nav.html.erb (0.9ms)
Completed 200 OK in 37ms (Views: 35.2ms | ActiveRecord: 0.0ms)


Started GET "/" for ::1 at 2022-03-15 14:09:03 +0100
Processing by LandingsController#index as HTML
  Rendering landings/index.html.erb within layouts/application
  Rendered landings/index.html.erb within layouts/application (0.8ms)
  Rendered application/_nav.html.erb (0.8ms)
Completed 200 OK in 39ms (Views: 37.9ms | ActiveRecord: 0.0ms)


Started GET "/" for ::1 at 2022-03-15 14:09:21 +0100
Processing by LandingsController#index as HTML
  Rendering landings/index.html.erb within layouts/application
  Rendered landings/index.html.erb within layouts/application (0.6ms)
  Rendered application/_nav.html.erb (0.7ms)
Completed 200 OK in 35ms (Views: 32.1ms | ActiveRecord: 0.0ms)


Started GET "/" for ::1 at 2022-03-15 14:29:59 +0100
Processing by LandingsController#index as HTML
  Rendering landings/index.html.erb within layouts/application
  Rendered landings/index.html.erb within layouts/application (0.6ms)
  Rendered application/_nav.html.erb (0.8ms)
Completed 200 OK in 31ms (Views: 29.9ms | ActiveRecord: 0.0ms)


Started GET "/" for ::1 at 2022-03-15 14:30:09 +0100
Processing by LandingsController#index as HTML
  Rendering landings/index.html.erb within layouts/application
  Rendered landings/index.html.erb within layouts/application (0.5ms)
  Rendered application/_nav.html.erb (0.7ms)
Completed 200 OK in 47ms (Views: 45.7ms | ActiveRecord: 0.0ms)


Started GET "/" for ::1 at 2022-03-15 14:32:17 +0100
Processing by LandingsController#index as HTML
  Rendering landings/index.html.erb within layouts/application
  Rendered landings/index.html.erb within layouts/application (0.6ms)
  Rendered application/_nav.html.erb (0.5ms)
Completed 200 OK in 50ms (Views: 47.9ms | ActiveRecord: 0.0ms)


Started GET "/" for ::1 at 2022-03-15 14:33:09 +0100
Processing by LandingsController#index as HTML
  Rendering landings/index.html.erb within layouts/application
  Rendered landings/index.html.erb within layouts/application (0.5ms)
  Rendered application/_nav.html.erb (0.8ms)
Completed 200 OK in 40ms (Views: 38.8ms | ActiveRecord: 0.0ms)


Started GET "/" for ::1 at 2022-03-15 14:35:31 +0100
Processing by LandingsController#index as HTML
  Rendering landings/index.html.erb within layouts/application
  Rendered landings/index.html.erb within layouts/application (0.6ms)
  Rendered application/_nav.html.erb (0.7ms)
Completed 200 OK in 46ms (Views: 44.2ms | ActiveRecord: 0.0ms)


Started GET "/" for ::1 at 2022-03-15 14:35:54 +0100
Processing by LandingsController#index as HTML
  Rendering landings/index.html.erb within layouts/application
  Rendered landings/index.html.erb within layouts/application (0.4ms)
  Rendered application/_nav.html.erb (0.8ms)
Completed 200 OK in 42ms (Views: 40.6ms | ActiveRecord: 0.0ms)


Started GET "/" for ::1 at 2022-03-15 14:36:37 +0100
Processing by LandingsController#index as HTML
  Rendering landings/index.html.erb within layouts/application
  Rendered landings/index.html.erb within layouts/application (0.5ms)
  Rendered application/_nav.html.erb (0.9ms)
Completed 200 OK in 41ms (Views: 39.6ms | ActiveRecord: 0.0ms)


Started GET "/" for ::1 at 2022-03-15 14:36:54 +0100
Processing by LandingsController#index as HTML
  Rendering landings/index.html.erb within layouts/application
  Rendered landings/index.html.erb within layouts/application (0.6ms)
  Rendered application/_nav.html.erb (0.9ms)
Completed 200 OK in 45ms (Views: 43.8ms | ActiveRecord: 0.0ms)


Started GET "/" for ::1 at 2022-03-15 14:37:09 +0100
Processing by LandingsController#index as HTML
  Rendering landings/index.html.erb within layouts/application
  Rendered landings/index.html.erb within layouts/application (0.7ms)
  Rendered application/_nav.html.erb (0.8ms)
Completed 200 OK in 40ms (Views: 38.6ms | ActiveRecord: 0.0ms)


Started GET "/" for ::1 at 2022-03-15 14:37:22 +0100
Processing by LandingsController#index as HTML
  Rendering landings/index.html.erb within layouts/application
  Rendered landings/index.html.erb within layouts/application (0.9ms)
  Rendered application/_nav.html.erb (0.9ms)
Completed 200 OK in 43ms (Views: 42.1ms | ActiveRecord: 0.0ms)


Started GET "/" for ::1 at 2022-03-15 14:38:27 +0100
Processing by LandingsController#index as HTML
  Rendering landings/index.html.erb within layouts/application
  Rendered landings/index.html.erb within layouts/application (0.5ms)
  Rendered application/_nav.html.erb (0.9ms)
Completed 200 OK in 39ms (Views: 37.9ms | ActiveRecord: 0.0ms)


Started GET "/" for ::1 at 2022-03-15 14:38:45 +0100
Processing by LandingsController#index as HTML
  Rendering landings/index.html.erb within layouts/application
  Rendered landings/index.html.erb within layouts/application (0.6ms)
  Rendered application/_nav.html.erb (0.8ms)
Completed 200 OK in 45ms (Views: 44.2ms | ActiveRecord: 0.0ms)


Started GET "/" for ::1 at 2022-03-15 14:41:24 +0100
Processing by LandingsController#index as HTML
  Rendering landings/index.html.erb within layouts/application
  Rendered landings/index.html.erb within layouts/application (0.6ms)
  Rendered application/_nav.html.erb (0.8ms)
Completed 200 OK in 51ms (Views: 48.8ms | ActiveRecord: 0.0ms)


Started GET "/" for ::1 at 2022-03-15 14:43:11 +0100
Processing by LandingsController#index as HTML
  Rendering landings/index.html.erb within layouts/application
  Rendered landings/index.html.erb within layouts/application (0.6ms)
  Rendered application/_nav.html.erb (0.8ms)
Completed 200 OK in 46ms (Views: 43.8ms | ActiveRecord: 0.0ms)


Started GET "/" for ::1 at 2022-03-15 14:43:36 +0100
Processing by LandingsController#index as HTML
  Rendering landings/index.html.erb within layouts/application
  Rendered landings/index.html.erb within layouts/application (1.2ms)
  Rendered application/_nav.html.erb (0.9ms)
Completed 200 OK in 45ms (Views: 42.1ms | ActiveRecord: 0.0ms)


Started GET "/" for ::1 at 2022-03-15 14:44:07 +0100
Processing by LandingsController#index as HTML
  Rendering landings/index.html.erb within layouts/application
  Rendered landings/index.html.erb within layouts/application (0.6ms)
  Rendered application/_nav.html.erb (0.8ms)
Completed 200 OK in 52ms (Views: 50.4ms | ActiveRecord: 0.0ms)


Started GET "/" for ::1 at 2022-03-15 14:44:21 +0100
Processing by LandingsController#index as HTML
  Rendering landings/index.html.erb within layouts/application
  Rendered landings/index.html.erb within layouts/application (0.9ms)
  Rendered application/_nav.html.erb (0.8ms)
Completed 200 OK in 44ms (Views: 42.6ms | ActiveRecord: 0.0ms)


Started GET "/" for ::1 at 2022-03-15 14:44:33 +0100
Processing by LandingsController#index as HTML
  Rendering landings/index.html.erb within layouts/application
  Rendered landings/index.html.erb within layouts/application (0.5ms)
  Rendered application/_nav.html.erb (0.9ms)
Completed 200 OK in 40ms (Views: 37.8ms | ActiveRecord: 0.0ms)


Started GET "/" for ::1 at 2022-03-15 14:45:34 +0100
Processing by LandingsController#index as HTML
  Rendering landings/index.html.erb within layouts/application
  Rendered landings/index.html.erb within layouts/application (1.0ms)
  Rendered application/_nav.html.erb (1.0ms)
Completed 200 OK in 48ms (Views: 45.3ms | ActiveRecord: 0.0ms)


Started GET "/" for ::1 at 2022-03-15 14:48:48 +0100
Processing by LandingsController#index as HTML
  Rendering landings/index.html.erb within layouts/application
  Rendered landings/index.html.erb within layouts/application (0.6ms)
  Rendered application/_nav.html.erb (0.8ms)
Completed 200 OK in 53ms (Views: 50.9ms | ActiveRecord: 0.0ms)


Started GET "/" for ::1 at 2022-03-15 14:50:09 +0100
Processing by LandingsController#index as HTML
  Rendering landings/index.html.erb within layouts/application
  Rendered landings/index.html.erb within layouts/application (0.8ms)
  Rendered application/_nav.html.erb (0.8ms)
Completed 200 OK in 43ms (Views: 41.1ms | ActiveRecord: 0.0ms)


Started GET "/" for ::1 at 2022-03-15 14:50:29 +0100
Processing by LandingsController#index as HTML
  Rendering landings/index.html.erb within layouts/application
  Rendered landings/index.html.erb within layouts/application (0.6ms)
  Rendered application/_nav.html.erb (0.8ms)
Completed 200 OK in 47ms (Views: 45.7ms | ActiveRecord: 0.0ms)


Started GET "/" for ::1 at 2022-03-15 14:50:47 +0100
Processing by LandingsController#index as HTML
  Rendering landings/index.html.erb within layouts/application
  Rendered landings/index.html.erb within layouts/application (0.5ms)
  Rendered application/_nav.html.erb (0.8ms)
Completed 200 OK in 43ms (Views: 41.7ms | ActiveRecord: 0.0ms)


Started GET "/" for ::1 at 2022-03-15 14:50:57 +0100
Processing by LandingsController#index as HTML
  Rendering landings/index.html.erb within layouts/application
  Rendered landings/index.html.erb within layouts/application (0.6ms)
  Rendered application/_nav.html.erb (0.9ms)
Completed 200 OK in 42ms (Views: 40.5ms | ActiveRecord: 0.0ms)


Started GET "/" for ::1 at 2022-03-15 14:51:26 +0100
Processing by LandingsController#index as HTML
  Rendering landings/index.html.erb within layouts/application
  Rendered landings/index.html.erb within layouts/application (0.4ms)
  Rendered application/_nav.html.erb (0.9ms)
Completed 200 OK in 36ms (Views: 34.4ms | ActiveRecord: 0.0ms)


Started GET "/" for ::1 at 2022-03-15 14:52:35 +0100
Processing by LandingsController#index as HTML
  Rendering landings/index.html.erb within layouts/application
  Rendered landings/index.html.erb within layouts/application (0.6ms)
  Rendered application/_nav.html.erb (0.8ms)
Completed 200 OK in 47ms (Views: 45.2ms | ActiveRecord: 0.0ms)


Started GET "/" for ::1 at 2022-03-15 14:52:49 +0100
Processing by LandingsController#index as HTML
  Rendering landings/index.html.erb within layouts/application
  Rendered landings/index.html.erb within layouts/application (0.6ms)
  Rendered application/_nav.html.erb (0.7ms)
Completed 200 OK in 48ms (Views: 46.3ms | ActiveRecord: 0.0ms)


Started GET "/" for ::1 at 2022-03-15 14:53:25 +0100
Processing by LandingsController#index as HTML
  Rendering landings/index.html.erb within layouts/application
  Rendered landings/index.html.erb within layouts/application (0.5ms)
  Rendered application/_nav.html.erb (0.9ms)
Completed 200 OK in 35ms (Views: 33.5ms | ActiveRecord: 0.0ms)


Started GET "/" for ::1 at 2022-03-15 14:54:08 +0100
Processing by LandingsController#index as HTML
  Rendering landings/index.html.erb within layouts/application
  Rendered landings/index.html.erb within layouts/application (0.8ms)
  Rendered application/_nav.html.erb (0.7ms)
Completed 200 OK in 47ms (Views: 45.7ms | ActiveRecord: 0.0ms)


Started GET "/" for ::1 at 2022-03-15 14:54:30 +0100
Processing by LandingsController#index as HTML
  Rendering landings/index.html.erb within layouts/application
  Rendered landings/index.html.erb within layouts/application (0.4ms)
  Rendered application/_nav.html.erb (0.9ms)
Completed 200 OK in 41ms (Views: 39.3ms | ActiveRecord: 0.0ms)


Started GET "/" for ::1 at 2022-03-15 14:54:33 +0100
Processing by LandingsController#index as HTML
  Rendering landings/index.html.erb within layouts/application
  Rendered landings/index.html.erb within layouts/application (0.4ms)
  Rendered application/_nav.html.erb (0.9ms)
Completed 200 OK in 38ms (Views: 36.4ms | ActiveRecord: 0.0ms)


Started GET "/chat" for ::1 at 2022-03-15 14:54:37 +0100
Processing by ItemsController#index as HTML
  Rendering items/index.html.erb within layouts/application
  [1m[36mItem Load (1.4ms)[0m  [1m[34mSELECT "items".* FROM "items"[0m
  ↳ app/views/items/index.html.erb:1
  Rendered items/index.html.erb within layouts/application (3.0ms)
  Rendered application/_nav.html.erb (0.9ms)
Completed 200 OK in 39ms (Views: 35.8ms | ActiveRecord: 1.4ms)


Started GET "/chat" for ::1 at 2022-03-15 14:55:57 +0100
Processing by ItemsController#index as HTML
  Rendering items/index.html.erb within layouts/application
  [1m[36mItem Load (0.3ms)[0m  [1m[34mSELECT "items".* FROM "items"[0m
  ↳ app/views/items/index.html.erb:1
  Rendered items/index.html.erb within layouts/application (1.5ms)
  Rendered application/_nav.html.erb (0.5ms)
Completed 200 OK in 32ms (Views: 29.6ms | ActiveRecord: 0.3ms)


Started GET "/chat" for ::1 at 2022-03-15 14:56:00 +0100
Processing by ItemsController#index as HTML
  Rendering items/index.html.erb within layouts/application
  [1m[36mItem Load (0.3ms)[0m  [1m[34mSELECT "items".* FROM "items"[0m
  ↳ app/views/items/index.html.erb:1
  Rendered items/index.html.erb within layouts/application (1.6ms)
  Rendered application/_nav.html.erb (0.9ms)
Completed 200 OK in 43ms (Views: 41.3ms | ActiveRecord: 0.3ms)


Started GET "/chat" for ::1 at 2022-03-15 14:56:03 +0100
Processing by ItemsController#index as HTML
  Rendering items/index.html.erb within layouts/application
  [1m[36mItem Load (0.5ms)[0m  [1m[34mSELECT "items".* FROM "items"[0m
  ↳ app/views/items/index.html.erb:1
  Rendered items/index.html.erb within layouts/application (2.2ms)
  Rendered application/_nav.html.erb (1.1ms)
Completed 200 OK in 42ms (Views: 40.4ms | ActiveRecord: 0.5ms)


Started GET "/chat" for ::1 at 2022-03-15 14:56:05 +0100
Processing by ItemsController#index as HTML
  Rendering items/index.html.erb within layouts/application
  [1m[36mItem Load (0.8ms)[0m  [1m[34mSELECT "items".* FROM "items"[0m
  ↳ app/views/items/index.html.erb:1
  Rendered items/index.html.erb within layouts/application (1.8ms)
  Rendered application/_nav.html.erb (0.8ms)
Completed 200 OK in 36ms (Views: 34.2ms | ActiveRecord: 0.8ms)


Started GET "/chat" for ::1 at 2022-03-15 14:56:46 +0100
Processing by ItemsController#index as HTML
  Rendering items/index.html.erb within layouts/application
  [1m[36mItem Load (0.4ms)[0m  [1m[34mSELECT "items".* FROM "items"[0m
  ↳ app/views/items/index.html.erb:1
  Rendered items/index.html.erb within layouts/application (3.2ms)
  Rendered application/_nav.html.erb (0.8ms)
Completed 200 OK in 39ms (Views: 35.9ms | ActiveRecord: 0.4ms)


Started GET "/chat" for ::1 at 2022-03-15 14:56:47 +0100
Processing by ItemsController#index as HTML
  Rendering items/index.html.erb within layouts/application
  [1m[36mItem Load (1.8ms)[0m  [1m[34mSELECT "items".* FROM "items"[0m
  ↳ app/views/items/index.html.erb:1
  Rendered items/index.html.erb within layouts/application (3.7ms)
  Rendered application/_nav.html.erb (0.8ms)
Completed 200 OK in 37ms (Views: 33.6ms | ActiveRecord: 1.8ms)


Started GET "/chat" for ::1 at 2022-03-15 14:56:50 +0100
Processing by ItemsController#index as HTML
  Rendering items/index.html.erb within layouts/application
  [1m[36mItem Load (1.1ms)[0m  [1m[34mSELECT "items".* FROM "items"[0m
  ↳ app/views/items/index.html.erb:1
  Rendered items/index.html.erb within layouts/application (2.8ms)
  Rendered application/_nav.html.erb (0.8ms)
Completed 200 OK in 40ms (Views: 37.5ms | ActiveRecord: 1.1ms)


Started GET "/chat" for ::1 at 2022-03-15 14:56:52 +0100
Processing by ItemsController#index as HTML
  Rendering items/index.html.erb within layouts/application
  [1m[36mItem Load (0.9ms)[0m  [1m[34mSELECT "items".* FROM "items"[0m
  ↳ app/views/items/index.html.erb:1
  Rendered items/index.html.erb within layouts/application (2.4ms)
  Rendered application/_nav.html.erb (0.9ms)
Completed 200 OK in 40ms (Views: 37.8ms | ActiveRecord: 0.9ms)


Started GET "/chat" for ::1 at 2022-03-15 14:56:55 +0100
Processing by ItemsController#index as HTML
  Rendering items/index.html.erb within layouts/application
  [1m[36mItem Load (0.5ms)[0m  [1m[34mSELECT "items".* FROM "items"[0m
  ↳ app/views/items/index.html.erb:1
  Rendered items/index.html.erb within layouts/application (2.3ms)
  Rendered application/_nav.html.erb (1.0ms)
Completed 200 OK in 41ms (Views: 39.2ms | ActiveRecord: 0.5ms)


Started GET "/chat" for ::1 at 2022-03-15 14:57:56 +0100
Processing by ItemsController#index as HTML
  Rendering items/index.html.erb within layouts/application
  [1m[36mItem Load (0.5ms)[0m  [1m[34mSELECT "items".* FROM "items"[0m
  ↳ app/views/items/index.html.erb:1
  Rendered items/index.html.erb within layouts/application (1.9ms)
  Rendered application/_nav.html.erb (0.9ms)
Completed 200 OK in 39ms (Views: 36.3ms | ActiveRecord: 0.5ms)


Started GET "/chat" for ::1 at 2022-03-15 14:57:59 +0100
Processing by ItemsController#index as HTML
  Rendering items/index.html.erb within layouts/application
  [1m[36mItem Load (0.3ms)[0m  [1m[34mSELECT "items".* FROM "items"[0m
  ↳ app/views/items/index.html.erb:1
  Rendered items/index.html.erb within layouts/application (1.7ms)
  Rendered application/_nav.html.erb (0.8ms)
Completed 200 OK in 34ms (Views: 32.3ms | ActiveRecord: 0.3ms)


Started GET "/chat" for ::1 at 2022-03-15 14:58:01 +0100
Processing by ItemsController#index as HTML
  Rendering items/index.html.erb within layouts/application
  [1m[36mItem Load (0.3ms)[0m  [1m[34mSELECT "items".* FROM "items"[0m
  ↳ app/views/items/index.html.erb:1
  Rendered items/index.html.erb within layouts/application (1.5ms)
  Rendered application/_nav.html.erb (1.0ms)
Completed 200 OK in 34ms (Views: 32.8ms | ActiveRecord: 0.3ms)


Started GET "/chat" for ::1 at 2022-03-15 14:58:03 +0100
Processing by ItemsController#index as HTML
  Rendering items/index.html.erb within layouts/application
  [1m[36mItem Load (0.4ms)[0m  [1m[34mSELECT "items".* FROM "items"[0m
  ↳ app/views/items/index.html.erb:1
  Rendered items/index.html.erb within layouts/application (1.8ms)
  Rendered application/_nav.html.erb (0.8ms)
Completed 200 OK in 39ms (Views: 36.7ms | ActiveRecord: 0.4ms)


Started GET "/chat" for ::1 at 2022-03-15 14:59:49 +0100
Processing by ItemsController#index as HTML
  Rendering items/index.html.erb within layouts/application
  [1m[36mItem Load (0.6ms)[0m  [1m[34mSELECT "items".* FROM "items"[0m
  ↳ app/views/items/index.html.erb:1
  Rendered items/index.html.erb within layouts/application (2.4ms)
  Rendered application/_nav.html.erb (0.9ms)
Completed 200 OK in 40ms (Views: 38.0ms | ActiveRecord: 0.6ms)


Started GET "/chat" for ::1 at 2022-03-15 14:59:52 +0100
Processing by ItemsController#index as HTML
  Rendering items/index.html.erb within layouts/application
  [1m[36mItem Load (0.5ms)[0m  [1m[34mSELECT "items".* FROM "items"[0m
  ↳ app/views/items/index.html.erb:1
  Rendered items/index.html.erb within layouts/application (1.8ms)
  Rendered application/_nav.html.erb (0.8ms)
Completed 200 OK in 39ms (Views: 37.0ms | ActiveRecord: 0.5ms)


Started GET "/chat" for ::1 at 2022-03-15 14:59:54 +0100
Processing by ItemsController#index as HTML
  Rendering items/index.html.erb within layouts/application
  [1m[36mItem Load (0.5ms)[0m  [1m[34mSELECT "items".* FROM "items"[0m
  ↳ app/views/items/index.html.erb:1
  Rendered items/index.html.erb within layouts/application (2.1ms)
  Rendered application/_nav.html.erb (0.9ms)
Completed 200 OK in 38ms (Views: 36.4ms | ActiveRecord: 0.5ms)


Started GET "/chat" for ::1 at 2022-03-15 15:02:02 +0100
Processing by ItemsController#index as HTML
  Rendering items/index.html.erb within layouts/application
  [1m[36mItem Load (1.1ms)[0m  [1m[34mSELECT "items".* FROM "items"[0m
  ↳ app/views/items/index.html.erb:1
  Rendered items/index.html.erb within layouts/application (3.1ms)
  Rendered application/_nav.html.erb (0.8ms)
Completed 200 OK in 43ms (Views: 40.0ms | ActiveRecord: 1.1ms)


Started GET "/chat" for ::1 at 2022-03-15 15:05:20 +0100
Processing by ItemsController#index as HTML
  Rendering items/index.html.erb within layouts/application
  [1m[36mItem Load (0.7ms)[0m  [1m[34mSELECT "items".* FROM "items"[0m
  ↳ app/views/items/index.html.erb:1
  Rendered items/index.html.erb within layouts/application (2.2ms)
  Rendered application/_nav.html.erb (0.8ms)
Completed 200 OK in 35ms (Views: 32.9ms | ActiveRecord: 0.7ms)


